[2025-11-01 16:24:59 -0300] [74753] [INFO] Starting gunicorn 23.0.0
[2025-11-01 16:24:59 -0300] [74753] [INFO] Listening at: http://0.0.0.0:5000 (74753)
[2025-11-01 16:24:59 -0300] [74753] [INFO] Using worker: sync
[2025-11-01 16:24:59 -0300] [74753] [INFO] Server is ready. Spawning workers
[2025-11-01 16:24:59 -0300] [74786] [INFO] Booting worker with pid: 74786
[2025-11-01 16:24:59 -0300] [74786] [INFO] Worker spawned (pid: 74786)
[2025-11-01 16:24:59 -0300] [74786] [INFO] Worker initialized
[2025-11-01 16:24:59 -0300] [74787] [INFO] Booting worker with pid: 74787
[2025-11-01 16:24:59 -0300] [74787] [INFO] Worker spawned (pid: 74787)
[2025-11-01 16:24:59 -0300] [74787] [INFO] Worker initialized
[2025-11-01 16:25:11 -0300] [74786] [INFO] Worker exiting (pid: 74786)
[2025-11-01 16:25:11 -0300] [74787] [INFO] Worker exiting (pid: 74787)
🚀 Cargando modelos...
✅ API lista para verificación facial!
🚀 Cargando modelos...
✅ API lista para verificación facial!
[2025-11-01 16:25:11 -0300] [74753] [INFO] Handling signal: term
[2025-11-01 16:25:13 -0300] [74753] [INFO] Shutting down: Master
🚀 Cargando modelos...
✅ API lista para verificación facial!
[2025-11-01 16:25:22 -0300] [75012] [INFO] Starting gunicorn 23.0.0
[2025-11-01 16:25:22 -0300] [75012] [INFO] Listening at: http://0.0.0.0:5000 (75012)
[2025-11-01 16:25:22 -0300] [75012] [INFO] Using worker: sync
[2025-11-01 16:25:22 -0300] [75012] [INFO] Server is ready. Spawning workers
[2025-11-01 16:25:22 -0300] [75130] [INFO] Booting worker with pid: 75130
[2025-11-01 16:25:22 -0300] [75130] [INFO] Worker spawned (pid: 75130)
[2025-11-01 16:25:22 -0300] [75130] [INFO] Worker initialized
[2025-11-01 16:25:23 -0300] [75131] [INFO] Booting worker with pid: 75131
[2025-11-01 16:25:23 -0300] [75131] [INFO] Worker spawned (pid: 75131)
[2025-11-01 16:25:23 -0300] [75131] [INFO] Worker initialized
